<?xml version="1.0" encoding="UTF-8"?>
<!-- Generated by org.testng.reporters.JUnitXMLReporter -->
<testsuite ignored="0" hostname="DESKTOP-41G56EL" failures="2" tests="4" name="Test" time="0.575" errors="0" timestamp="2025-03-20T12:15:26 IST">
  <testcase classname="com.internetherokuapp.tests.ABTest" name="validateHeader" time="0.088">
    <failure type="java.lang.AssertionError" message="expected [true] but found [false]">
      <![CDATA[java.lang.AssertionError: expected [true] but found [false]
at com.internetherokuapp.tests.ABTest.validateHeader(ABTest.java:31)
at java.base/java.util.ArrayList.forEach(ArrayList.java:1597)
... Removed 29 stack frames]]>
    </failure>
  </testcase> <!-- validateHeader -->
  <testcase classname="com.internetherokuapp.tests.ABTest" name="verifyEleSeleniumBtnIsPres" time="0.048">
    <failure type="java.lang.AssertionError" message="expected [true] but found [false]">
      <![CDATA[java.lang.AssertionError: expected [true] but found [false]
at com.internetherokuapp.tests.ABTest.verifyEleSeleniumBtnIsPres(ABTest.java:72)
at java.base/java.util.ArrayList.forEach(ArrayList.java:1597)
... Removed 29 stack frames]]>
    </failure>
  </testcase> <!-- verifyEleSeleniumBtnIsPres -->
  <testcase classname="com.internetherokuapp.tests.ABTest" name="verifyParaEndsWith" time="0.037"/>
  <testcase classname="com.internetherokuapp.tests.ABTest" name="verifyParaStartsWithText" time="0.027"/>
</testsuite> <!-- Test -->
